<?xml version="1.0" encoding="UTF-8"?>
<!-- Generated by org.testng.reporters.JUnitReportReporter -->
<testsuite hostname="chetan-PC" name="com.inetbanking.TestCases.TC_LoginTest_001" tests="1" failures="0" timestamp="28 Mar 2021 17:50:40 GMT" time="5.725" errors="0">
  <testcase name="loginTest" time="5.725" classname="com.inetbanking.TestCases.TC_LoginTest_001"/>
</testsuite> <!-- com.inetbanking.TestCases.TC_LoginTest_001 -->
