<?xml version="1.0" encoding="UTF-8"?>
<!-- Generated by org.testng.reporters.JUnitReportReporter -->
<testsuite skipped="0" hostname="chetan-PC" name="com.inetbanking.TestCases.TC_LoginTest_001" tests="1" failures="0" timestamp="03 Apr 2021 12:05:36 GMT" time="5.717" errors="0">
  <testcase name="loginTest" time="5.717" classname="com.inetbanking.TestCases.TC_LoginTest_001"/>
</testsuite> <!-- com.inetbanking.TestCases.TC_LoginTest_001 -->
